Arguments: 
  /usr/local/bin/node /Users/jaimeescolar/.yarn/bin/yarn.js

PATH: 
  /Users/jaimeescolar/.yarn/bin:/Users/jaimeescolar/.config/yarn/global/node_modules/.bin:/usr/local/bin:/usr/bin:/bin:/usr/sbin:/sbin:/usr/local/MacGPG2/bin:/usr/local/share/dotnet:~/.dotnet/tools:/Users/jaimeescolar/.yarn/bin:/Users/jaimeescolar/.config/yarn/global/node_modules/.bin

Yarn version: 
  1.12.3

Node version: 
  10.15.1

Platform: 
  darwin x64

Trace: 
  SyntaxError: /Users/jaimeescolar/dev/gigigo-orchextra-fix-bq-data/package.json: Unexpected token } in JSON at position 727
      at JSON.parse (<anonymous>)
      at /Users/jaimeescolar/.yarn/lib/cli.js:1631:59
      at Generator.next (<anonymous>)
      at step (/Users/jaimeescolar/.yarn/lib/cli.js:304:30)
      at /Users/jaimeescolar/.yarn/lib/cli.js:315:13

npm manifest: 
  {
    "name": "gigigo-orchextra-fix-bq-data",
    "version": "1.0.0",
    "description": "",
    "main": "index.js",
    "scripts": {
      "regenerate": "node ./src/regenerate.js "
    },
    "author": "",
    "license": "ISC",
    "dependencies": {
      "debug": "^4.1.1"
    },
    "devDependencies": {
      "eslint": "^5.6.0",
      "eslint-config-prettier": "^3.0.1",
      "eslint-config-standard": "^12.0.0",
      "eslint-plugin-import": "^2.14.0",
      "eslint-plugin-jest": "^21.22.0",
      "eslint-plugin-node": "^7.0.1",
      "eslint-plugin-promise": "^4.0.1",
      "eslint-plugin-spellcheck": "^0.0.11",
      "eslint-plugin-standard": "^4.0.0",
      "jest": "^23.6.0",
      "jest-junit": "^6.1.0",
      "nodemon": "^1.18.6",
      "prettier": "^1.16.4",
    }
  }

yarn manifest: 
  No manifest

Lockfile: 
  # THIS IS AN AUTOGENERATED FILE. DO NOT EDIT THIS FILE DIRECTLY.
  # yarn lockfile v1
  
  
  debug@^4.1.1:
    version "4.1.1"
    resolved "https://registry.yarnpkg.com/debug/-/debug-4.1.1.tgz#3b72260255109c6b589cee050f1d516139664791"
    integrity sha512-pYAIzeRo8J6KPEaJ0VWOh5Pzkbw/RetuzehGM7QRRX5he4fPHx2rdKMB256ehJCkX+XRQm16eZLqLNS8RSZXZw==
    dependencies:
      ms "^2.1.1"
  
  ms@^2.1.1:
    version "2.1.1"
    resolved "https://registry.yarnpkg.com/ms/-/ms-2.1.1.tgz#30a5864eb3ebb0a66f2ebe6d727af06a09d86e0a"
    integrity sha512-tgp+dl5cGk28utYktBsrFqA7HKgrhgPsg6Z/EfhWI4gl1Hwq8B/GmY/0oXZ6nF8hDVesS/FpnYaD/kOWhYQvyg==
